This is XeTeX, Version 3.141592653-2.6-0.999994 (MiKTeX 23.1) (preloaded format=xelatex 2023.2.13)  16 APR 2023 21:59
entering extended mode
 restricted \write18 enabled.
 %&-line parsing enabled.
**main
(C:\Users\LENOVO\AppData\Local\Programs\MiKTeX\tex/latex/tools\x.tex
LaTeX2e <2022-11-01> patch level 1
L3 programming layer <2023-02-02>
! .
l.38   \batchmode \errmessage{}
                               \csname @@end\endcsname \end
This error message was generated by an \errmessage
command, so I can't give any explicit help.
Pretend that you're Hercule Poirot: Examine all clues,
and deduce the truth by order and method.

 ) 
Here is how much of TeX's memory you used:
 17 strings out of 411511
 334 string characters out of 5818912
 1842001 words of memory out of 5000000
 20304 multiletter control sequences out of 15000+600000
 512287 words of font info for 32 fonts, out of 8000000 for 9000
 1348 hyphenation exceptions out of 8191
 12i,0n,12p,84b,10s stack positions out of 10000i,1000n,20000p,200000b,200000s

No pages of output.
